  [4;36;1mSQL (0.0ms)[0m   [0;1mSET NAMES 'utf8'[0m
  [4;35;1mSQL (0.0ms)[0m   [0mSET SQL_AUTO_IS_NULL=0[0m
  [4;36;1mSQL (0.0ms)[0m   [0;1mSHOW TABLES[0m
  [4;35;1mSQL (62.5ms)[0m   [0mCREATE TABLE `schema_migrations` (`version` varchar(255) NOT NULL) ENGINE=InnoDB[0m
  [4;36;1mSQL (0.0ms)[0m   [0;1mSHOW KEYS FROM `schema_migrations`[0m
  [4;35;1mSQL (140.6ms)[0m   [0mCREATE UNIQUE INDEX `unique_schema_migrations` ON `schema_migrations` (`version`)[0m
  [4;36;1mSQL (0.0ms)[0m   [0;1mSHOW TABLES[0m
  [4;35;1mSQL (15.6ms)[0m   [0mSELECT version FROM schema_migrations[0m
Migrating to CreateIndices (20100922093022)
  [4;36;1mSQL (62.5ms)[0m   [0;1mCREATE TABLE `indices` (`id` int(11) DEFAULT NULL auto_increment PRIMARY KEY, `name` varchar(255), `email` varchar(255), `details` text, `vreme` varchar(255), `created_at` datetime, `updated_at` datetime) ENGINE=InnoDB[0m
  [4;35;1mSQL (15.6ms)[0m   [0mINSERT INTO schema_migrations (version) VALUES ('20100922093022')[0m
  [4;36;1mSQL (0.0ms)[0m   [0;1mSHOW TABLES[0m
  [4;35;1mSQL (0.0ms)[0m   [0mSELECT version FROM schema_migrations[0m
  [4;36;1mSQL (0.0ms)[0m   [0;1mSHOW TABLES[0m
  [4;35;1mSQL (15.6ms)[0m   [0mSHOW FIELDS FROM `indices`[0m
  [4;36;1mSQL (0.0ms)[0m   [0;1mdescribe `indices`[0m
  [4;35;1mSQL (15.6ms)[0m   [0mSHOW KEYS FROM `indices`[0m
  [4;36;1mSQL (46.9ms)[0m   [0;1mSET NAMES 'utf8'[0m
  [4;35;1mSQL (15.6ms)[0m   [0mSET SQL_AUTO_IS_NULL=0[0m


Processing IndicesController#index (for 127.0.0.1 at 2010-09-22 13:42:20) [GET]
  [4;36;1mIndex Load (93.8ms)[0m   [0;1mSELECT * FROM `indices` [0m
Rendering template within layouts/indices
Rendering indices/index
Completed in 688ms (View: 578, DB: 156) | 200 OK [http://localhost/indices]
  [4;35;1mSQL (0.0ms)[0m   [0mSET NAMES 'utf8'[0m
  [4;36;1mSQL (0.0ms)[0m   [0;1mSET SQL_AUTO_IS_NULL=0[0m


Processing IndicesController#index (for 127.0.0.1 at 2010-09-22 13:46:17) [GET]
  [4;35;1mIndex Load (0.0ms)[0m   [0mSELECT * FROM `indices` [0m
Rendering template within layouts/indices
Rendering indices/index
Completed in 47ms (View: 16, DB: 0) | 200 OK [http://localhost/indices]
  [4;36;1mSQL (0.0ms)[0m   [0;1mSET NAMES 'utf8'[0m
  [4;35;1mSQL (0.0ms)[0m   [0mSET SQL_AUTO_IS_NULL=0[0m


Processing IndicesController#new (for 127.0.0.1 at 2010-09-22 13:46:19) [GET]
  [4;36;1mIndex Columns (31.2ms)[0m   [0;1mSHOW FIELDS FROM `indices`[0m
Rendering template within layouts/indices
Rendering indices/new
Completed in 109ms (View: 62, DB: 31) | 200 OK [http://localhost/indices/new]
  [4;35;1mSQL (0.0ms)[0m   [0mSET NAMES 'utf8'[0m
  [4;36;1mSQL (0.0ms)[0m   [0;1mSET SQL_AUTO_IS_NULL=0[0m


Processing IndicesController#create (for 127.0.0.1 at 2010-09-22 13:46:27) [POST]
  Parameters: {"commit"=>"Create", "authenticity_token"=>"6QmGDx5g8g5Pd19sAtl5sSHYwCEU1z+BUYEdTBJSmYU=", "index"=>{"name"=>"ask", "vreme"=>"sldfkj", "details"=>"sdkj", "email"=>"lksdf"}}
  [4;35;1mIndex Columns (0.0ms)[0m   [0mSHOW FIELDS FROM `indices`[0m
  [4;36;1mSQL (15.6ms)[0m   [0;1mBEGIN[0m
  [4;35;1mIndex Create (15.6ms)[0m   [0mINSERT INTO `indices` (`name`, `vreme`, `updated_at`, `details`, `email`, `created_at`) VALUES('ask', 'sldfkj', '2010-09-22 11:46:27', 'sdkj', 'lksdf', '2010-09-22 11:46:27')[0m
  [4;36;1mSQL (46.9ms)[0m   [0;1mCOMMIT[0m
Redirected to http://localhost:3000/indices/1
Completed in 125ms (DB: 78) | 302 Found [http://localhost/indices]
  [4;35;1mSQL (0.0ms)[0m   [0mSET NAMES 'utf8'[0m
  [4;36;1mSQL (0.0ms)[0m   [0;1mSET SQL_AUTO_IS_NULL=0[0m


Processing IndicesController#show (for 127.0.0.1 at 2010-09-22 13:46:27) [GET]
  Parameters: {"id"=>"1"}
  [4;35;1mIndex Columns (0.0ms)[0m   [0mSHOW FIELDS FROM `indices`[0m
  [4;36;1mIndex Load (15.6ms)[0m   [0;1mSELECT * FROM `indices` WHERE (`indices`.`id` = 1) [0m
Rendering template within layouts/indices
Rendering indices/show
Completed in 62ms (View: 16, DB: 16) | 200 OK [http://localhost/indices/1]
  [4;35;1mSQL (0.0ms)[0m   [0mSET NAMES 'utf8'[0m
  [4;36;1mSQL (0.0ms)[0m   [0;1mSET SQL_AUTO_IS_NULL=0[0m


Processing IndicesController#index (for 127.0.0.1 at 2010-09-22 13:46:29) [GET]
  [4;35;1mIndex Load (0.0ms)[0m   [0mSELECT * FROM `indices` [0m
Rendering template within layouts/indices
Rendering indices/index
  [4;36;1mIndex Columns (15.6ms)[0m   [0;1mSHOW FIELDS FROM `indices`[0m
Completed in 62ms (View: 16, DB: 16) | 200 OK [http://localhost/indices]
  [4;35;1mSQL (0.0ms)[0m   [0mSET NAMES 'utf8'[0m
  [4;36;1mSQL (0.0ms)[0m   [0;1mSET SQL_AUTO_IS_NULL=0[0m


Processing ApplicationController#index (for 127.0.0.1 at 2010-09-22 13:55:21) [GET]

ActionController::RoutingError (No route matches "/home" with {:method=>:get}):
  C:/Ruby186/lib/ruby/1.8/webrick/httpserver.rb:104:in `service'
  C:/Ruby186/lib/ruby/1.8/webrick/httpserver.rb:65:in `run'
  C:/Ruby186/lib/ruby/1.8/webrick/server.rb:173:in `start_thread'
  C:/Ruby186/lib/ruby/1.8/webrick/server.rb:162:in `start'
  C:/Ruby186/lib/ruby/1.8/webrick/server.rb:162:in `start_thread'
  C:/Ruby186/lib/ruby/1.8/webrick/server.rb:95:in `start'
  C:/Ruby186/lib/ruby/1.8/webrick/server.rb:92:in `each'
  C:/Ruby186/lib/ruby/1.8/webrick/server.rb:92:in `start'
  C:/Ruby186/lib/ruby/1.8/webrick/server.rb:23:in `start'
  C:/Ruby186/lib/ruby/1.8/webrick/server.rb:82:in `start'

Rendering rescues/layout (not_found)
  [4;35;1mSQL (0.0ms)[0m   [0mSET NAMES 'utf8'[0m
  [4;36;1mSQL (0.0ms)[0m   [0;1mSET SQL_AUTO_IS_NULL=0[0m


Processing ApplicationController#index (for 127.0.0.1 at 2010-09-22 13:55:56) [GET]

ActionController::RoutingError (No route matches "/home" with {:method=>:get}):
  C:/Ruby186/lib/ruby/1.8/webrick/httpserver.rb:104:in `service'
  C:/Ruby186/lib/ruby/1.8/webrick/httpserver.rb:65:in `run'
  C:/Ruby186/lib/ruby/1.8/webrick/server.rb:173:in `start_thread'
  C:/Ruby186/lib/ruby/1.8/webrick/server.rb:162:in `start'
  C:/Ruby186/lib/ruby/1.8/webrick/server.rb:162:in `start_thread'
  C:/Ruby186/lib/ruby/1.8/webrick/server.rb:95:in `start'
  C:/Ruby186/lib/ruby/1.8/webrick/server.rb:92:in `each'
  C:/Ruby186/lib/ruby/1.8/webrick/server.rb:92:in `start'
  C:/Ruby186/lib/ruby/1.8/webrick/server.rb:23:in `start'
  C:/Ruby186/lib/ruby/1.8/webrick/server.rb:82:in `start'

Rendering rescues/layout (not_found)
  [4;36;1mSQL (0.0ms)[0m   [0;1mSET NAMES 'utf8'[0m
  [4;35;1mSQL (15.6ms)[0m   [0mSET SQL_AUTO_IS_NULL=0[0m
  [4;36;1mSQL (15.6ms)[0m   [0;1mSHOW TABLES[0m
  [4;35;1mSQL (0.0ms)[0m   [0mSELECT version FROM schema_migrations[0m
Migrating to CreateIndices (20100922093022)
  [4;36;1mSQL (0.0ms)[0m   [0;1mSHOW TABLES[0m
  [4;35;1mSQL (0.0ms)[0m   [0mSELECT version FROM schema_migrations[0m
  [4;36;1mSQL (0.0ms)[0m   [0;1mSHOW TABLES[0m
  [4;35;1mSQL (15.6ms)[0m   [0mSHOW FIELDS FROM `indices`[0m
  [4;36;1mSQL (0.0ms)[0m   [0;1mdescribe `indices`[0m
  [4;35;1mSQL (0.0ms)[0m   [0mSHOW KEYS FROM `indices`[0m
  [4;35;1mSQL (0.0ms)[0m   [0mSET NAMES 'utf8'[0m
  [4;36;1mSQL (0.0ms)[0m   [0;1mSET SQL_AUTO_IS_NULL=0[0m


Processing ApplicationController#index (for 127.0.0.1 at 2010-09-22 13:56:18) [GET]

ActionController::RoutingError (No route matches "/home" with {:method=>:get}):
  C:/Ruby186/lib/ruby/1.8/webrick/httpserver.rb:104:in `service'
  C:/Ruby186/lib/ruby/1.8/webrick/httpserver.rb:65:in `run'
  C:/Ruby186/lib/ruby/1.8/webrick/server.rb:173:in `start_thread'
  C:/Ruby186/lib/ruby/1.8/webrick/server.rb:162:in `start'
  C:/Ruby186/lib/ruby/1.8/webrick/server.rb:162:in `start_thread'
  C:/Ruby186/lib/ruby/1.8/webrick/server.rb:95:in `start'
  C:/Ruby186/lib/ruby/1.8/webrick/server.rb:92:in `each'
  C:/Ruby186/lib/ruby/1.8/webrick/server.rb:92:in `start'
  C:/Ruby186/lib/ruby/1.8/webrick/server.rb:23:in `start'
  C:/Ruby186/lib/ruby/1.8/webrick/server.rb:82:in `start'

Rendering rescues/layout (not_found)
  [4;35;1mSQL (0.0ms)[0m   [0mSET NAMES 'utf8'[0m
  [4;36;1mSQL (0.0ms)[0m   [0;1mSET SQL_AUTO_IS_NULL=0[0m


Processing IndicesController#index (for 127.0.0.1 at 2010-09-22 13:56:32) [GET]
  [4;35;1mIndex Load (0.0ms)[0m   [0mSELECT * FROM `indices` [0m
Rendering template within layouts/indices
Rendering indices/index
  [4;36;1mIndex Columns (15.6ms)[0m   [0;1mSHOW FIELDS FROM `indices`[0m
Completed in 62ms (View: 16, DB: 16) | 200 OK [http://localhost/indices]
  [4;35;1mSQL (0.0ms)[0m   [0mSET NAMES 'utf8'[0m
  [4;36;1mSQL (0.0ms)[0m   [0;1mSET SQL_AUTO_IS_NULL=0[0m


Processing ApplicationController#index (for 127.0.0.1 at 2010-09-22 13:56:38) [GET]

ActionController::RoutingError (No route matches "/home" with {:method=>:get}):
  C:/Ruby186/lib/ruby/1.8/webrick/httpserver.rb:104:in `service'
  C:/Ruby186/lib/ruby/1.8/webrick/httpserver.rb:65:in `run'
  C:/Ruby186/lib/ruby/1.8/webrick/server.rb:173:in `start_thread'
  C:/Ruby186/lib/ruby/1.8/webrick/server.rb:162:in `start'
  C:/Ruby186/lib/ruby/1.8/webrick/server.rb:162:in `start_thread'
  C:/Ruby186/lib/ruby/1.8/webrick/server.rb:95:in `start'
  C:/Ruby186/lib/ruby/1.8/webrick/server.rb:92:in `each'
  C:/Ruby186/lib/ruby/1.8/webrick/server.rb:92:in `start'
  C:/Ruby186/lib/ruby/1.8/webrick/server.rb:23:in `start'
  C:/Ruby186/lib/ruby/1.8/webrick/server.rb:82:in `start'

Rendering rescues/layout (not_found)
  [4;35;1mSQL (0.0ms)[0m   [0mSET NAMES 'utf8'[0m
  [4;36;1mSQL (0.0ms)[0m   [0;1mSET SQL_AUTO_IS_NULL=0[0m


Processing HomeController#index (for 127.0.0.1 at 2010-09-22 13:57:04) [GET]
Rendering home/index
Completed in 31ms (View: 16, DB: 0) | 200 OK [http://localhost/home]
